2020-06-01T17:43:57.808Z [myBank] info: API Started
2020-06-01T17:44:25.850Z [myBank] info: API Started
2020-06-01T17:44:40.132Z [myBank] info: API Started
2020-06-01T17:45:43.804Z [myBank] info: API Started
2020-06-01T17:45:54.602Z [myBank] info: API Started
2020-06-01T17:46:20.004Z [myBank] info: API Started
2020-06-01T17:46:47.004Z [myBank] info: POST /acount - {"id":3,"name":"Luanel Messi","balance":100}
2020-06-01T17:47:36.397Z [myBank] info: API Started
2020-06-01T17:47:45.367Z [myBank] info: API Started
2020-06-01T17:47:53.703Z [myBank] info: API Started
2020-06-01T17:48:24.293Z [myBank] info: API Started
2020-06-01T17:48:31.029Z [myBank] info: API Started
2020-06-01T17:49:03.699Z [myBank] info: API Started
2020-06-01T17:50:03.064Z [myBank] info: API Started
2020-06-01T17:50:35.797Z [myBank] info: API Started
2020-06-01T17:51:03.266Z [myBank] info: API Started
2020-06-01T17:52:02.354Z [myBank] info: API Started
2020-06-01T17:52:23.117Z [myBank] info: API Started
2020-06-01T17:52:57.543Z [myBank] info: API Started
2020-06-01T17:53:17.698Z [myBank] info: API Started
2020-06-01T17:53:43.180Z [myBank] info: API Started
2020-06-01T17:54:07.934Z [myBank] info: API Started
2020-06-01T17:54:46.070Z [myBank] info: API Started
2020-06-01T18:16:19.309Z [myBank] info: API Started
2020-06-01T18:16:29.636Z [myBank] info: GET /account
2020-06-01T18:16:32.736Z [myBank] info: GET /account:id - undefined
2020-06-01T18:16:36.550Z [myBank] info: DELETE /account:id - 2
2020-06-01T18:16:44.328Z [myBank] info: PUT /account - {"id":1,"name":"Everton Cebolinha","balance":200,"batata":1}
2020-06-01T18:16:52.627Z [myBank] info: POST /account/transaction - {}
2020-06-01T18:17:09.978Z [myBank] info: API Started
2020-06-01T18:18:33.851Z [myBank] info: API Started
2020-06-01T18:18:36.688Z [myBank] info: POST /account/transaction - [object Object]
2020-06-01T18:18:44.848Z [myBank] info: GET /account
2020-06-01T18:18:59.689Z [myBank] info: POST /account/transaction - [object Object]
2020-06-01T18:19:01.124Z [myBank] info: POST /account/transaction - [object Object]
2020-06-01T18:19:14.234Z [myBank] info: API Started
2020-06-01T18:19:17.057Z [myBank] info: POST /account/transaction - 
2020-06-01T18:19:53.403Z [myBank] info: API Started
2020-06-01T18:20:10.781Z [myBank] info: API Started
2020-06-01T18:20:32.128Z [myBank] info: API Started
2020-06-01T18:20:35.198Z [myBank] info: POST /account/transaction - {"id":1,"value":-2}}
